#
# There is insufficient memory for the Java Runtime Environment to continue.
# Native memory allocation (mmap) failed to map 130023424 bytes for G1 virtual space
# Possible reasons:
#   The system is out of physical RAM or swap space
#   The process is running with CompressedOops enabled, and the Java Heap may be blocking the growth of the native heap
# Possible solutions:
#   Reduce memory load on the system
#   Increase physical memory or swap space
#   Check if swap backing store is full
#   Decrease Java heap size (-Xmx/-Xms)
#   Decrease number of Java threads
#   Decrease Java thread stack sizes (-Xss)
#   Set larger code cache with -XX:ReservedCodeCacheSize=
#   JVM is running with Unscaled Compressed Oops mode in which the Java heap is
#     placed in the first 4GB address space. The Java Heap base address is the
#     maximum limit for the native heap growth. Please use -XX:HeapBaseMinAddress
#     to set the Java Heap base and to place the Java Heap above 4GB virtual address.
# This output file may be truncated or incomplete.
#
#  Out of Memory Error (os_windows.cpp:3530), pid=13684, tid=15524
#
# JRE version:  (18.0.1.1+2) (build )
# Java VM: Java HotSpot(TM) 64-Bit Server VM (18.0.1.1+2-6, mixed mode, sharing, tiered, compressed oops, compressed class ptrs, g1 gc, windows-amd64)
# No core dump will be written. Minidumps are not enabled by default on client versions of Windows
#

---------------  S U M M A R Y ------------

Command Line: -javaagent:C:\Program Files\JetBrains\IntelliJ IDEA 2023.2.1\lib\idea_rt.jar=59369:C:\Program Files\JetBrains\IntelliJ IDEA 2023.2.1\bin -Dfile.encoding=UTF-8 -Dsun.stdout.encoding=UTF-8 -Dsun.stderr.encoding=UTF-8 tn.esprit.gestionzoo.main.ZooManagement

Host: 11th Gen Intel(R) Core(TM) i5-11400H @ 2.70GHz, 12 cores, 7G,  Windows 10 , 64 bit Build 19041 (10.0.19041.3636)
Time: Sun Oct 29 21:33:10 2023 Afr. centrale Ouest elapsed time: 0.011019 seconds (0d 0h 0m 0s)

---------------  T H R E A D  ---------------

Current thread (0x000001ff975b1b90):  JavaThread "Unknown thread" [_thread_in_vm, id=15524, stack(0x000000acaff00000,0x000000acb0000000)]

Stack: [0x000000acaff00000,0x000000acb0000000]
Native frames: (J=compiled Java code, j=interpreted, Vv=VM code, C=native code)
V  [jvm.dll+0x69887a]
V  [jvm.dll+0x7f38bd]
V  [jvm.dll+0x7f51ce]
V  [jvm.dll+0x7f5883]
V  [jvm.dll+0x25ca3f]
V  [jvm.dll+0x6957c9]
V  [jvm.dll+0x68a2fa]
V  [jvm.dll+0x321efb]
V  [jvm.dll+0x3298d6]
V  [jvm.dll+0x37e47e]
V  [jvm.dll+0x37e6af]
V  [jvm.dll+0x2f9c7a]
V  [jvm.dll+0x2facdd]
V  [jvm.dll+0x7c24f0]
V  [jvm.dll+0x38b801]
V  [jvm.dll+0x7a1203]
V  [jvm.dll+0x40d6bf]
V  [jvm.dll+0x40f091]
C  [jli.dll+0x526b]
C  [ucrtbase.dll+0x21bb2]
C  [KERNEL32.DLL+0x17344]
C  [ntdll.dll+0x526b1]


---------------  P R O C E S S  ---------------

Threads class SMR info:
_java_thread_list=0x00007ffe2f0fd550, length=0, elements={
}

Java Threads: ( => current thread )

Other Threads:
  0x000001ff97612090 WorkerThread "GC Thread#0" [stack: 0x000000acb0000000,0x000000acb0100000] [id=7120]
  0x000001ff97622780 ConcurrentGCThread "G1 Main Marker" [stack: 0x000000acb0100000,0x000000acb0200000] [id=14308]
  0x000001ff97623910 WorkerThread "G1 Conc#0" [stack: 0x000000acb0200000,0x000000acb0300000] [id=1296]

[error occurred during error reporting (printing all threads), id 0xc0000005, EXCEPTION_ACCESS_VIOLATION (0xc0000005) at pc=0x00007ffe2e92a217]

VM state: not at safepoint (not fully initialized)

VM Mutex/Monitor currently owned by a thread:  ([mutex/lock_event])
[0x000001ff975af2a0] Heap_lock - owner thread: 0x000001ff975b1b90

Heap address: 0x0000000084200000, size: 1982 MB, Compressed Oops mode: 32-bit

CDS archive(s) mapped at: [0x0000000000000000-0x0000000000000000-0x0000000000000000), size 0, SharedBaseAddress: 0x0000000800000000, ArchiveRelocationMode: 0.
Narrow klass base: 0x0000000000000000, Narrow klass shift: 0, Narrow klass range: 0x0

GC Precious Log:
 CardTable entry size: 512
 Card Set container configuration: InlinePtr #cards 5 size 8 Array Of Cards #cards 12 size 40 Howl #buckets 4 coarsen threshold 1843 Howl Bitmap #cards 512 size 80 coarsen threshold 460 Card regions per heap region 1 cards per card region 2048

Heap:
 garbage-first heap   total 0K, used 0K [0x0000000084200000, 0x0000000100000000)
  region size 1024K, 0 young (0K), 0 survivors (0K)

[error occurred during error reporting (printing heap information), id 0xc0000005, EXCEPTION_ACCESS_VIOLATION (0xc0000005) at pc=0x00007ffe2ed10cb9]

GC Heap History (0 events):
No events

Deoptimization events (0 events):
No events

Classes loaded (0 events):
No events

Classes unloaded (0 events):
No events

Classes redefined (0 events):
No events

Internal exceptions (0 events):
No events

VM Operations (0 events):
No events

Events (1 events):
Event: 0.008 Loaded shared library C:\Program Files\Java\jdk-18.0.1.1\bin\java.dll


Dynamic libraries:
0x00007ff6154a0000 - 0x00007ff6154b0000 	C:\Program Files\Java\jdk-18.0.1.1\bin\java.exe
0x00007ffe865d0000 - 0x00007ffe867c8000 	C:\Windows\SYSTEM32\ntdll.dll
0x00007ffe85cb0000 - 0x00007ffe85d6d000 	C:\Windows\System32\KERNEL32.DLL
0x00007ffe842c0000 - 0x00007ffe845b6000 	C:\Windows\System32\KERNELBASE.dll
0x00007ffe83de0000 - 0x00007ffe83ee0000 	C:\Windows\System32\ucrtbase.dll
0x00007ffe7c670000 - 0x00007ffe7c688000 	C:\Program Files\Java\jdk-18.0.1.1\bin\jli.dll
0x00007ffe7b5a0000 - 0x00007ffe7b5ba000 	C:\Program Files\Java\jdk-18.0.1.1\bin\VCRUNTIME140.dll
0x00007ffe85ba0000 - 0x00007ffe85c4e000 	C:\Windows\System32\ADVAPI32.dll
0x00007ffe85b00000 - 0x00007ffe85b9e000 	C:\Windows\System32\msvcrt.dll
0x00007ffe856d0000 - 0x00007ffe8576c000 	C:\Windows\System32\sechost.dll
0x00007ffe85340000 - 0x00007ffe85466000 	C:\Windows\System32\RPCRT4.dll
0x00007ffe854a0000 - 0x00007ffe8563e000 	C:\Windows\System32\USER32.dll
0x00007ffe83f80000 - 0x00007ffe83fa2000 	C:\Windows\System32\win32u.dll
0x00007ffe6c450000 - 0x00007ffe6c6ea000 	C:\Windows\WinSxS\amd64_microsoft.windows.common-controls_6595b64144ccf1df_6.0.19041.3636_none_60b6a03d71f818d5\COMCTL32.dll
0x00007ffe84bc0000 - 0x00007ffe84bec000 	C:\Windows\System32\GDI32.dll
0x00007ffe84040000 - 0x00007ffe8415a000 	C:\Windows\System32\gdi32full.dll
0x00007ffe83ee0000 - 0x00007ffe83f7d000 	C:\Windows\System32\msvcp_win.dll
0x00007ffe7b450000 - 0x00007ffe7b45a000 	C:\Windows\SYSTEM32\VERSION.dll
0x00007ffe85470000 - 0x00007ffe854a0000 	C:\Windows\System32\IMM32.DLL
0x00007ffe7cf20000 - 0x00007ffe7cf2c000 	C:\Program Files\Java\jdk-18.0.1.1\bin\vcruntime140_1.dll
0x00007ffe5e230000 - 0x00007ffe5e2bd000 	C:\Program Files\Java\jdk-18.0.1.1\bin\msvcp140.dll
0x00007ffe2e620000 - 0x00007ffe2f230000 	C:\Program Files\Java\jdk-18.0.1.1\bin\server\jvm.dll
0x00007ffe85940000 - 0x00007ffe85948000 	C:\Windows\System32\PSAPI.DLL
0x00007ffe63860000 - 0x00007ffe63869000 	C:\Windows\SYSTEM32\WSOCK32.dll
0x00007ffe76ec0000 - 0x00007ffe76ee7000 	C:\Windows\SYSTEM32\WINMM.dll
0x00007ffe86360000 - 0x00007ffe863cb000 	C:\Windows\System32\WS2_32.dll
0x00007ffe82500000 - 0x00007ffe82512000 	C:\Windows\SYSTEM32\kernel.appcore.dll
0x00007ffe76320000 - 0x00007ffe7632a000 	C:\Program Files\Java\jdk-18.0.1.1\bin\jimage.dll
0x00007ffe81a80000 - 0x00007ffe81c64000 	C:\Windows\SYSTEM32\DBGHELP.DLL
0x00007ffe55f00000 - 0x00007ffe55f34000 	C:\Windows\SYSTEM32\dbgcore.DLL
0x00007ffe83fb0000 - 0x00007ffe84032000 	C:\Windows\System32\bcryptPrimitives.dll
0x00007ffe6ded0000 - 0x00007ffe6dede000 	C:\Program Files\Java\jdk-18.0.1.1\bin\instrument.dll
0x00007ffe760a0000 - 0x00007ffe760c5000 	C:\Program Files\Java\jdk-18.0.1.1\bin\java.dll

dbghelp: loaded successfully - version: 4.0.5 - missing functions: none
symbol engine: initialized successfully - sym options: 0x614 - pdb path: .;C:\Program Files\Java\jdk-18.0.1.1\bin;C:\Windows\SYSTEM32;C:\Windows\WinSxS\amd64_microsoft.windows.common-controls_6595b64144ccf1df_6.0.19041.3636_none_60b6a03d71f818d5;C:\Program Files\Java\jdk-18.0.1.1\bin\server

VM Arguments:
jvm_args: -javaagent:C:\Program Files\JetBrains\IntelliJ IDEA 2023.2.1\lib\idea_rt.jar=59369:C:\Program Files\JetBrains\IntelliJ IDEA 2023.2.1\bin -Dfile.encoding=UTF-8 -Dsun.stdout.encoding=UTF-8 -Dsun.stderr.encoding=UTF-8 
java_command: tn.esprit.gestionzoo.main.ZooManagement
java_class_path (initial): C:\Users\MSI\IdeaProjects\Project\out\production\Project
Launcher Type: SUN_STANDARD

[Global flags]
     intx CICompilerCount                          = 4                                         {product} {ergonomic}
     uint ConcGCThreads                            = 3                                         {product} {ergonomic}
     uint G1ConcRefinementThreads                  = 10                                        {product} {ergonomic}
   size_t G1HeapRegionSize                         = 1048576                                   {product} {ergonomic}
    uintx GCDrainStackTargetSize                   = 64                                        {product} {ergonomic}
   size_t InitialHeapSize                          = 130023424                                 {product} {ergonomic}
   size_t MarkStackSize                            = 4194304                                   {product} {ergonomic}
   size_t MaxHeapSize                              = 2078277632                                {product} {ergonomic}
   size_t MinHeapDeltaBytes                        = 1048576                                   {product} {ergonomic}
   size_t MinHeapSize                              = 8388608                                   {product} {ergonomic}
    uintx NonNMethodCodeHeapSize                   = 5839372                                {pd product} {ergonomic}
    uintx NonProfiledCodeHeapSize                  = 122909434                              {pd product} {ergonomic}
    uintx ProfiledCodeHeapSize                     = 122909434                              {pd product} {ergonomic}
    uintx ReservedCodeCacheSize                    = 251658240                              {pd product} {ergonomic}
     bool SegmentedCodeCache                       = true                                      {product} {ergonomic}
   size_t SoftMaxHeapSize                          = 2078277632                             {manageable} {ergonomic}
     bool UseCompressedClassPointers               = true                           {product lp64_product} {ergonomic}
     bool UseCompressedOops                        = true                           {product lp64_product} {ergonomic}
     bool UseG1GC                                  = true                                      {product} {ergonomic}
     bool UseLargePagesIndividualAllocation        = false                                  {pd product} {ergonomic}

Logging:
Log output configuration:
 #0: stdout all=warning uptime,level,tags foldmultilines=false
 #1: stderr all=off uptime,level,tags foldmultilines=false

Environment Variables:
JAVA_HOME=C:\Program Files\Java\jdk-11
CLASSPATH=C:\Program Files\Apache Software Foundation\Tomcat 9.0\lib
PATH=C:\Program Files\Common Files\Oracle\Java\javapath;C:\Program Files (x86)\Common Files\Oracle\Java\javapath;C:\Windows\system32;C:\Windows;C:\Windows\System32\Wbem;C:\Windows\System32\WindowsPowerShell\v1.0\;C:\Windows\System32\OpenSSH\;C:\Program Files (x86)\NVIDIA Corporation\PhysX\Common;C:\Program Files (x86)\dotnet\;C:\Program Files\NVIDIA Corporation\NVIDIA NvDLISR;C:\xampp\php;C:\Program Files\nodejs\;C:\Program Files\Git\cmd;C:\Program Files\Java\jdk-11\bin;C:\Users\MSI\Desktop\YousfiMedAmine_LSI3_DevAppRepartie;C:\Program Files\dotnet\sdk;C:\Program Files\MySQL\MySQL Server 8.0\bin;C:\Program Files\Docker\Docker\resources\bin;C:\Program Files\MongoDB\Server\6.0\bin;C:\Program Files\mongosh\mongosh-1.7.1-win32-x64\bin;C:\Program Files\Git\usr\local\bin;C:\Program Files\MongoDB\Server\6.0\bin;C:\mongosh\mongosh-1.7.1-win32-x64\bin;C:\ProgramData\ComposerSetup\bin;C:\Program Files\MySQL\MySQL Shell 8.0\bin\;C:\Users\MSI\scoop\shims;C:\python\python38\Scripts\;C:\python\python38\;C:\Users\MSI\AppData\Local\Microsoft\WindowsApps;C:\Program Files\Apache Software Foundation\Tomcat 9.0\lib\servlet-api.jar;C:\Program Files\Apache Software Foundation\Tomcat 9.0\bin;C:\Program Files\Apache Software Foundation\Tomcat 9.0\lib\servlet-api.jar;C:\Users\MSI\AppData\Roaming\npm;C:\src\flutter\flutter\bin;C:\Program Files\MongoDB\Server\6.0\bin;C:\Program Files\JetBrains\IntelliJ IDEA 2023.2.1\bin;C:\Users\MSI\AppData\Roaming\Composer\vendor\bin
USERNAME=MSI
OS=Windows_NT
PROCESSOR_IDENTIFIER=Intel64 Family 6 Model 141 Stepping 1, GenuineIntel



---------------  S Y S T E M  ---------------

OS:
 Windows 10 , 64 bit Build 19041 (10.0.19041.3636)
OS uptime: 1 days 8:03 hours

CPU: total 12 (initial active 12) (6 cores per cpu, 2 threads per core) family 6 model 141 stepping 1 microcode 0x26, cx8, cmov, fxsr, ht, mmx, 3dnowpref, sse, sse2, sse3, ssse3, sse4.1, sse4.2, popcnt, lzcnt, tsc, tscinvbit, avx, avx2, aes, erms, clmul, bmi1, bmi2, adx, avx512f, avx512dq, avx512cd, avx512bw, avx512vl, sha, fma, vzeroupper, avx512_vpopcntdq, avx512_vpclmulqdq, avx512_vaes, avx512_vnni, clflush, clflushopt, clwb, avx512_vbmi2, avx512_vbmi

Memory: 4k page, system-wide physical 7926M (544M free)
TotalPageFile size 10921M (AvailPageFile size 117M)
current process WorkingSet (physical memory assigned to process): 10M, peak: 10M
current process commit charge ("private bytes"): 64M, peak: 188M

vm_info: Java HotSpot(TM) 64-Bit Server VM (18.0.1.1+2-6) for windows-amd64 JRE (18.0.1.1+2-6), built on Apr 25 2022 21:53:15 by "mach5one" with MS VC++ 16.8 / 16.9 (VS2019)

END.
